<?xml version="1.0" encoding="UTF-8"?>
<!-- Generated by org.testng.reporters.JUnitReportReporter -->
<testsuite hostname="Chinmay" failures="0" tests="1" name="Contactcreation.ContactCreationexample2" time="16.238" errors="0" timestamp="2024-11-29T19:00:19 IST" skipped="0">
  <testcase classname="Contactcreation.ContactCreationexample2" name="ContactCreationexample2" time="16.238"/>
  <system-out/>
</testsuite> <!-- Contactcreation.ContactCreationexample2 -->
