<?xml version="1.0" encoding="UTF-8"?>
<!-- Generated by org.testng.reporters.JUnitReportReporter -->
<testsuite hostname="Chinmay" failures="0" tests="1" name="Contactcreation.CreateContactWithSupportDate" time="23.870" errors="0" timestamp="2024-12-03T09:50:56 IST" skipped="0">
  <testcase classname="Contactcreation.CreateContactWithSupportDate" name="CreateContactWithSupportDate" time="23.870"/>
  <system-out/>
</testsuite> <!-- Contactcreation.CreateContactWithSupportDate -->
