<?xml version="1.0" encoding="UTF-8"?>
<!-- Generated by org.testng.reporters.JUnitReportReporter -->
<testsuite hostname="Chinmay" failures="0" tests="1" name="Contactcreation_GenericUtility.CreateContactWithSupportDate" time="25.107" errors="0" timestamp="2024-12-16T08:45:09 IST" skipped="0">
  <testcase classname="Contactcreation_GenericUtility.CreateContactWithSupportDate" name="CreateContactselectingSupportDate" time="25.107"/>
  <system-out/>
</testsuite> <!-- Contactcreation_GenericUtility.CreateContactWithSupportDate -->
