<?xml version="1.0" encoding="UTF-8"?>
<!-- Generated by org.testng.reporters.JUnitReportReporter -->
<testsuite hostname="Chinmay" failures="0" tests="1" name="Contactcreation_GenericUtility.Contactcreation" time="29.319" errors="0" timestamp="2024-12-19T10:11:12 IST" skipped="0">
  <testcase classname="Contactcreation_GenericUtility.Contactcreation" name="Contactcreation" time="29.319"/>
  <system-out/>
</testsuite> <!-- Contactcreation_GenericUtility.Contactcreation -->
