<?xml version="1.0" encoding="UTF-8"?>
<!-- Generated by org.testng.reporters.JUnitReportReporter -->
<testsuite hostname="Chinmay" failures="0" tests="1" name="CreateOrganisation_GenericUtility.CreateOrganisation" time="11.562" errors="0" timestamp="2024-12-17T10:14:46 IST" skipped="0">
  <testcase classname="CreateOrganisation_GenericUtility.CreateOrganisation" name="Organisationcreation" time="11.562"/>
  <system-out/>
</testsuite> <!-- CreateOrganisation_GenericUtility.CreateOrganisation -->
