<?xml version="1.0" encoding="UTF-8"?>
<!-- Generated by org.testng.reporters.JUnitReportReporter -->
<testsuite hostname="Chinmay" failures="0" tests="1" name="Contactcreation.CreateOrganisationwithindustrytype" time="12.204" errors="0" timestamp="2024-11-29T20:19:17 IST" skipped="0">
  <testcase classname="Contactcreation.CreateOrganisationwithindustrytype" name="CreateOrganisationwithindustrytype" time="12.204"/>
  <system-out/>
</testsuite> <!-- Contactcreation.CreateOrganisationwithindustrytype -->
