<?xml version="1.0" encoding="UTF-8"?>
<!-- Generated by org.testng.reporters.JUnitReportReporter -->
<testsuite hostname="Chinmay" failures="0" tests="1" name="Contactcreation.CreateOrganisation" time="12.488" errors="0" timestamp="2024-11-29T20:08:58 IST" skipped="0">
  <testcase classname="Contactcreation.CreateOrganisation" name="CreateOrganisation" time="12.488"/>
  <system-out/>
</testsuite> <!-- Contactcreation.CreateOrganisation -->
