<?xml version="1.0" encoding="UTF-8"?>
<!-- Generated by org.testng.reporters.JUnitReportReporter -->
<testsuite hostname="Chinmay" failures="0" tests="3" name="Contactcreation_GenericUtility.V_tiger_ContactCreationAllScenarios" time="88.054" errors="0" timestamp="2024-12-16T10:46:40 IST" skipped="0">
  <testcase classname="Contactcreation_GenericUtility.V_tiger_ContactCreationAllScenarios" name="CreateContactselectingSupportDate" time="22.396"/>
  <system-out>
    <![CDATA[CreateContactselectingSupportDateTest started
CreateContactselectingSupportDateTest success]]>
  </system-out>
  <testcase classname="Contactcreation_GenericUtility.V_tiger_ContactCreationAllScenarios" name="Contactcreation" time="26.473"/>
  <system-out>
    <![CDATA[ContactcreationTest started
ContactcreationTest success]]>
  </system-out>
  <testcase classname="Contactcreation_GenericUtility.V_tiger_ContactCreationAllScenarios" name="CreateContactwithOrganizationName" time="39.185"/>
  <system-out>
    <![CDATA[CreateContactwithOrganizationNameTest started
CreateContactwithOrganizationNameTest success]]>
  </system-out>
</testsuite> <!-- Contactcreation_GenericUtility.V_tiger_ContactCreationAllScenarios -->
