<?xml version="1.0" encoding="UTF-8"?>
<!-- Generated by org.testng.reporters.JUnitReportReporter -->
<testsuite hostname="Chinmay" failures="0" tests="1" name="Contactcreation_GenericUtility.CreateContactselectionofOrganizationName" time="38.797" errors="0" timestamp="2024-12-16T10:44:49 IST" skipped="0">
  <testcase classname="Contactcreation_GenericUtility.CreateContactselectionofOrganizationName" name="CreateContactwithOrganizationName" time="38.797"/>
  <system-out/>
</testsuite> <!-- Contactcreation_GenericUtility.CreateContactselectionofOrganizationName -->
