<?xml version="1.0" encoding="UTF-8"?>
<!-- Generated by org.testng.reporters.JUnitReportReporter -->
<testsuite hostname="Chinmay" failures="0" tests="1" name="Contactcreation.CreateOrganisationwithPhonenumber" time="12.122" errors="0" timestamp="2024-11-29T20:23:06 IST" skipped="0">
  <testcase classname="Contactcreation.CreateOrganisationwithPhonenumber" name="CreateOrganisationwithPhonenumber" time="12.122"/>
  <system-out/>
</testsuite> <!-- Contactcreation.CreateOrganisationwithPhonenumber -->
