<?xml version="1.0" encoding="UTF-8"?>
<!-- Generated by org.testng.reporters.JUnitReportReporter -->
<testsuite hostname="Chinmay" failures="0" tests="1" name="Contactcreation.CreateContactwithOrganizationName" time="16.865" errors="0" timestamp="2024-11-29T22:17:39 IST" skipped="0">
  <testcase classname="Contactcreation.CreateContactwithOrganizationName" name="CreateContactwithOrganizationName" time="16.865"/>
  <system-out/>
</testsuite> <!-- Contactcreation.CreateContactwithOrganizationName -->
