<?xml version="1.0" encoding="UTF-8"?>
<!-- Generated by org.testng.reporters.JUnitReportReporter -->
<testsuite hostname="Chinmay" failures="0" tests="1" name="Contactcreation.TC02_CreateContactwithphonenumber" time="16.882" errors="0" timestamp="2024-11-29T19:14:34 IST" skipped="0">
  <testcase classname="Contactcreation.TC02_CreateContactwithphonenumber" name="CreateContactwithphonenumber" time="16.882"/>
  <system-out/>
</testsuite> <!-- Contactcreation.TC02_CreateContactwithphonenumber -->
