<?xml version="1.0" encoding="UTF-8"?>
<!-- Generated by org.testng.reporters.JUnitReportReporter -->
<testsuite hostname="Chinmay" failures="0" tests="1" name="Commonprogram" time="16.242" errors="0" timestamp="2024-11-28T20:31:22 IST" skipped="0">
  <testcase classname="Commonprogram" name="Commonprogram" time="16.242"/>
  <system-out/>
</testsuite> <!-- Commonprogram -->
